[0.189s] Invoking command in '/home/hun/ros2_study/build/my_first_package_msgs': CMAKE_PREFIX_PATH=/opt/ros/humble /usr/bin/cmake /home/hun/ros2_study/src/my_first_package_msgs -DCMAKE_INSTALL_PREFIX=/home/hun/ros2_study/install/my_first_package_msgs
[0.279s] -- The C compiler identification is GNU 11.4.0
[0.355s] -- The CXX compiler identification is GNU 11.4.0
[0.362s] -- Detecting C compiler ABI info
[0.413s] -- Detecting C compiler ABI info - done
[0.419s] -- Check for working C compiler: /usr/bin/cc - skipped
[0.419s] -- Detecting C compile features
[0.420s] -- Detecting C compile features - done
[0.423s] -- Detecting CXX compiler ABI info
[0.481s] -- Detecting CXX compiler ABI info - done
[0.486s] -- Check for working CXX compiler: /usr/bin/c++ - skipped
[0.486s] -- Detecting CXX compile features
[0.487s] -- Detecting CXX compile features - done
[0.489s] -- Found ament_cmake: 1.3.10 (/opt/ros/humble/share/ament_cmake/cmake)
[0.597s] -- Found Python3: /usr/bin/python3 (found version "3.10.12") found components: Interpreter 
[0.669s] -- Found rosidl_default_generators: 1.2.0 (/opt/ros/humble/share/rosidl_default_generators/cmake)
[0.672s] -- Using all available rosidl_typesupport_c: rosidl_typesupport_fastrtps_c;rosidl_typesupport_introspection_c
[0.677s] -- Found rosidl_adapter: 3.1.5 (/opt/ros/humble/share/rosidl_adapter/cmake)
[0.713s] -- Using all available rosidl_typesupport_cpp: rosidl_typesupport_fastrtps_cpp;rosidl_typesupport_introspection_cpp
[0.859s] [31mCMake Error at /opt/ros/humble/share/rosidl_cmake/cmake/rosidl_generate_interfaces.cmake:229 (message):
[0.859s]   Packages installing interfaces must include
[0.859s]   '<member_of_group>rosidl_interface_packages</member_of_group>' in their
[0.859s]   package.xml
[0.860s] Call Stack (most recent call first):
[0.860s]   CMakeLists.txt:17 (rosidl_generate_interfaces)
[0.860s] 
[0.860s] [0m
[0.860s] -- Configuring incomplete, errors occurred!
[0.860s] See also "/home/hun/ros2_study/build/my_first_package_msgs/CMakeFiles/CMakeOutput.log".
[0.865s] Invoked command in '/home/hun/ros2_study/build/my_first_package_msgs' returned '1': CMAKE_PREFIX_PATH=/opt/ros/humble /usr/bin/cmake /home/hun/ros2_study/src/my_first_package_msgs -DCMAKE_INSTALL_PREFIX=/home/hun/ros2_study/install/my_first_package_msgs
