[0.458s] Invoking command in '/home/hun/ros2_study/src/my_first_package': PYTHONPATH=/home/hun/ros2_study/build/my_first_package/prefix_override:/usr/lib/python3/dist-packages/colcon_core/task/python/colcon_distutils_commands:/home/hun/ros2_study/install/my_first_package/lib/python3.10/site-packages:${PYTHONPATH} /usr/bin/python3 -W ignore:setup.py install is deprecated setup.py egg_info --egg-base ../../build/my_first_package build --build-base /home/hun/ros2_study/build/my_first_package/build install --record /home/hun/ros2_study/build/my_first_package/install.log --single-version-externally-managed install_data
[0.619s] running egg_info
[0.619s] writing ../../build/my_first_package/my_first_package.egg-info/PKG-INFO
[0.619s] writing dependency_links to ../../build/my_first_package/my_first_package.egg-info/dependency_links.txt
[0.619s] writing entry points to ../../build/my_first_package/my_first_package.egg-info/entry_points.txt
[0.619s] writing requirements to ../../build/my_first_package/my_first_package.egg-info/requires.txt
[0.620s] writing top-level names to ../../build/my_first_package/my_first_package.egg-info/top_level.txt
[0.621s] reading manifest file '../../build/my_first_package/my_first_package.egg-info/SOURCES.txt'
[0.621s] writing manifest file '../../build/my_first_package/my_first_package.egg-info/SOURCES.txt'
[0.621s] running build
[0.621s] running build_py
[0.622s] running install
[0.622s] running install_lib
[0.623s] running install_data
[0.623s] running install_egg_info
[0.624s] removing '/home/hun/ros2_study/install/my_first_package/lib/python3.10/site-packages/my_first_package-0.0.0-py3.10.egg-info' (and everything under it)
[0.624s] Copying ../../build/my_first_package/my_first_package.egg-info to /home/hun/ros2_study/install/my_first_package/lib/python3.10/site-packages/my_first_package-0.0.0-py3.10.egg-info
[0.624s] running install_scripts
[0.638s] Installing my_first_node script to /home/hun/ros2_study/install/my_first_package/lib/my_first_package
[0.638s] Installing my_publisher script to /home/hun/ros2_study/install/my_first_package/lib/my_first_package
[0.638s] Installing my_subscriber script to /home/hun/ros2_study/install/my_first_package/lib/my_first_package
[0.639s] writing list of installed files to '/home/hun/ros2_study/build/my_first_package/install.log'
