[0.189s] Invoking command in '/home/hun/ros2_study/build/my_first_package_msgs': CMAKE_PREFIX_PATH=/opt/ros/humble /usr/bin/cmake /home/hun/ros2_study/src/my_first_package_msgs -DCMAKE_INSTALL_PREFIX=/home/hun/ros2_study/install/my_first_package_msgs
[0.197s] -- Found ament_cmake: 1.3.10 (/opt/ros/humble/share/ament_cmake/cmake)
[0.283s] -- Found rosidl_default_generators: 1.2.0 (/opt/ros/humble/share/rosidl_default_generators/cmake)
[0.284s] -- Using all available rosidl_typesupport_c: rosidl_typesupport_fastrtps_c;rosidl_typesupport_introspection_c
[0.286s] -- Found rosidl_adapter: 3.1.5 (/opt/ros/humble/share/rosidl_adapter/cmake)
[0.304s] -- Using all available rosidl_typesupport_cpp: rosidl_typesupport_fastrtps_cpp;rosidl_typesupport_introspection_cpp
[0.493s] -- Found ament_cmake_ros: 0.10.0 (/opt/ros/humble/share/ament_cmake_ros/cmake)
[0.623s] -- Using all available rosidl_typesupport_c: rosidl_typesupport_fastrtps_c;rosidl_typesupport_introspection_c
[0.789s] -- Using all available rosidl_typesupport_cpp: rosidl_typesupport_fastrtps_cpp;rosidl_typesupport_introspection_cpp
[0.805s] -- Found PythonInterp: /usr/bin/python3 (found suitable version "3.10.12", minimum required is "3.6") 
[0.806s] -- Found python_cmake_module: 0.10.0 (/opt/ros/humble/share/python_cmake_module/cmake)
[0.825s] -- Found PythonLibs: /usr/lib/x86_64-linux-gnu/libpython3.10.so (found suitable version "3.10.12", minimum required is "3.5") 
[0.825s] -- Using PYTHON_EXECUTABLE: /usr/bin/python3
[0.825s] -- Using PYTHON_INCLUDE_DIRS: /usr/include/python3.10
[0.825s] -- Using PYTHON_LIBRARIES: /usr/lib/x86_64-linux-gnu/libpython3.10.so
[0.840s] -- Found PythonExtra: .so  
[0.861s] -- Found ament_lint_auto: 0.12.11 (/opt/ros/humble/share/ament_lint_auto/cmake)
[0.878s] -- Added test 'lint_cmake' to check CMake code style
[0.879s] -- Added test 'xmllint' to check XML markup files
[0.880s] -- Configuring done
[0.895s] -- Generating done
[0.897s] -- Build files have been written to: /home/hun/ros2_study/build/my_first_package_msgs
[0.900s] Invoked command in '/home/hun/ros2_study/build/my_first_package_msgs' returned '0': CMAKE_PREFIX_PATH=/opt/ros/humble /usr/bin/cmake /home/hun/ros2_study/src/my_first_package_msgs -DCMAKE_INSTALL_PREFIX=/home/hun/ros2_study/install/my_first_package_msgs
[0.901s] Invoking command in '/home/hun/ros2_study/build/my_first_package_msgs': CMAKE_PREFIX_PATH=/opt/ros/humble /usr/bin/cmake --build /home/hun/ros2_study/build/my_first_package_msgs -- -j8 -l8
[0.929s] [  3%] [34m[1mGenerating C code for ROS interfaces[0m
[0.935s] [  6%] [34m[1mGenerating C++ code for ROS interfaces[0m
[0.941s] [  6%] Built target ament_cmake_python_copy_my_first_package_msgs
[1.119s] [  6%] Built target my_first_package_msgs__cpp
[1.123s] [  9%] [32mBuilding C object CMakeFiles/my_first_package_msgs__rosidl_generator_c.dir/rosidl_generator_c/my_first_package_msgs/msg/detail/cmd_and_pose_vel__functions.c.o[0m
[1.126s] [ 12%] [34m[1mGenerating C++ introspection for ROS interfaces[0m
[1.126s] [ 16%] [34m[1mGenerating C++ type support for eProsima Fast-RTPS[0m
[1.128s] [ 19%] [34m[1mGenerating C++ type support dispatch for ROS interfaces[0m
[1.129s] running egg_info
[1.130s] creating my_first_package_msgs.egg-info
[1.130s] writing my_first_package_msgs.egg-info/PKG-INFO
[1.130s] writing dependency_links to my_first_package_msgs.egg-info/dependency_links.txt
[1.130s] writing top-level names to my_first_package_msgs.egg-info/top_level.txt
[1.130s] writing manifest file 'my_first_package_msgs.egg-info/SOURCES.txt'
[1.132s] reading manifest file 'my_first_package_msgs.egg-info/SOURCES.txt'
[1.132s] writing manifest file 'my_first_package_msgs.egg-info/SOURCES.txt'
[1.157s] [ 19%] Built target ament_cmake_python_build_my_first_package_msgs_egg
[1.174s] [ 22%] [32m[1mLinking C shared library libmy_first_package_msgs__rosidl_generator_c.so[0m
[1.199s] [ 22%] Built target my_first_package_msgs__rosidl_generator_c
[1.207s] [ 25%] [34m[1mGenerating C type support dispatch for ROS interfaces[0m
[1.209s] [ 32%] [34m[1mGenerating C introspection for ROS interfaces[0m
[1.209s] [ 32%] [34m[1mGenerating C type support for eProsima Fast-RTPS[0m
[1.314s] [ 35%] [32mBuilding CXX object CMakeFiles/my_first_package_msgs__rosidl_typesupport_cpp.dir/rosidl_typesupport_cpp/my_first_package_msgs/msg/cmd_and_pose_vel__type_support.cpp.o[0m
[1.379s] [ 38%] [32mBuilding CXX object CMakeFiles/my_first_package_msgs__rosidl_typesupport_c.dir/rosidl_typesupport_c/my_first_package_msgs/msg/cmd_and_pose_vel__type_support.cpp.o[0m
[1.385s] [ 41%] [32mBuilding CXX object CMakeFiles/my_first_package_msgs__rosidl_typesupport_introspection_cpp.dir/rosidl_typesupport_introspection_cpp/my_first_package_msgs/msg/detail/cmd_and_pose_vel__type_support.cpp.o[0m
[1.410s] [ 45%] [32m[1mLinking CXX shared library libmy_first_package_msgs__rosidl_typesupport_c.so[0m
[1.428s] [ 48%] [32mBuilding CXX object CMakeFiles/my_first_package_msgs__rosidl_typesupport_fastrtps_cpp.dir/rosidl_typesupport_fastrtps_cpp/my_first_package_msgs/msg/detail/dds_fastrtps/cmd_and_pose_vel__type_support.cpp.o[0m
[1.454s] [ 48%] Built target my_first_package_msgs__rosidl_typesupport_c
[1.465s] [ 51%] [32mBuilding CXX object CMakeFiles/my_first_package_msgs__rosidl_typesupport_fastrtps_c.dir/rosidl_typesupport_fastrtps_c/my_first_package_msgs/msg/detail/cmd_and_pose_vel__type_support_c.cpp.o[0m
[1.490s] [ 54%] [32mBuilding C object CMakeFiles/my_first_package_msgs__rosidl_typesupport_introspection_c.dir/rosidl_typesupport_introspection_c/my_first_package_msgs/msg/detail/cmd_and_pose_vel__type_support.c.o[0m
[1.513s] [ 58%] [32m[1mLinking C shared library libmy_first_package_msgs__rosidl_typesupport_introspection_c.so[0m
[1.534s] [ 58%] Built target my_first_package_msgs__rosidl_typesupport_introspection_c
[1.544s] [ 61%] [32m[1mLinking CXX shared library libmy_first_package_msgs__rosidl_typesupport_cpp.so[0m
[1.573s] [ 61%] Built target my_first_package_msgs__rosidl_typesupport_cpp
[1.702s] [ 64%] [32m[1mLinking CXX shared library libmy_first_package_msgs__rosidl_typesupport_fastrtps_c.so[0m
[1.719s] [ 67%] [32m[1mLinking CXX shared library libmy_first_package_msgs__rosidl_typesupport_introspection_cpp.so[0m
[1.751s] [ 67%] Built target my_first_package_msgs__rosidl_typesupport_introspection_cpp
[1.761s] [ 67%] Built target my_first_package_msgs__rosidl_typesupport_fastrtps_c
[1.766s] [ 70%] [32m[1mLinking CXX shared library libmy_first_package_msgs__rosidl_typesupport_fastrtps_cpp.so[0m
[1.817s] [ 70%] Built target my_first_package_msgs__rosidl_typesupport_fastrtps_cpp
[1.831s] [ 70%] Built target my_first_package_msgs
[1.845s] [ 74%] [34m[1mGenerating Python code for ROS interfaces[0m
[2.068s] [ 74%] Built target my_first_package_msgs__py
[2.081s] [ 77%] [32mBuilding C object CMakeFiles/my_first_package_msgs__rosidl_generator_py.dir/rosidl_generator_py/my_first_package_msgs/msg/_cmd_and_pose_vel_s.c.o[0m
[2.168s] [ 80%] [32m[1mLinking C shared library rosidl_generator_py/my_first_package_msgs/libmy_first_package_msgs__rosidl_generator_py.so[0m
[2.196s] [ 80%] Built target my_first_package_msgs__rosidl_generator_py
[2.210s] [ 90%] [32mBuilding C object CMakeFiles/my_first_package_msgs__rosidl_typesupport_introspection_c__pyext.dir/rosidl_generator_py/my_first_package_msgs/_my_first_package_msgs_s.ep.rosidl_typesupport_introspection_c.c.o[0m
[2.210s] [ 90%] [32mBuilding C object CMakeFiles/my_first_package_msgs__rosidl_typesupport_c__pyext.dir/rosidl_generator_py/my_first_package_msgs/_my_first_package_msgs_s.ep.rosidl_typesupport_c.c.o[0m
[2.210s] [ 90%] [32mBuilding C object CMakeFiles/my_first_package_msgs__rosidl_typesupport_fastrtps_c__pyext.dir/rosidl_generator_py/my_first_package_msgs/_my_first_package_msgs_s.ep.rosidl_typesupport_fastrtps_c.c.o[0m
[2.273s] [ 96%] [32m[1mLinking C shared library rosidl_generator_py/my_first_package_msgs/my_first_package_msgs_s__rosidl_typesupport_introspection_c.cpython-310-x86_64-linux-gnu.so[0m
[2.273s] [ 96%] [32m[1mLinking C shared library rosidl_generator_py/my_first_package_msgs/my_first_package_msgs_s__rosidl_typesupport_c.cpython-310-x86_64-linux-gnu.so[0m
[2.274s] [100%] [32m[1mLinking C shared library rosidl_generator_py/my_first_package_msgs/my_first_package_msgs_s__rosidl_typesupport_fastrtps_c.cpython-310-x86_64-linux-gnu.so[0m
[2.296s] [100%] Built target my_first_package_msgs__rosidl_typesupport_introspection_c__pyext
[2.296s] [100%] Built target my_first_package_msgs__rosidl_typesupport_c__pyext
[2.296s] [100%] Built target my_first_package_msgs__rosidl_typesupport_fastrtps_c__pyext
[2.305s] Invoked command in '/home/hun/ros2_study/build/my_first_package_msgs' returned '0': CMAKE_PREFIX_PATH=/opt/ros/humble /usr/bin/cmake --build /home/hun/ros2_study/build/my_first_package_msgs -- -j8 -l8
[2.346s] Invoking command in '/home/hun/ros2_study/build/my_first_package_msgs': CMAKE_PREFIX_PATH=/opt/ros/humble /usr/bin/cmake --install /home/hun/ros2_study/build/my_first_package_msgs
[2.351s] -- Install configuration: ""
[2.351s] -- Installing: /home/hun/ros2_study/install/my_first_package_msgs/share/ament_index/resource_index/rosidl_interfaces/my_first_package_msgs
[2.351s] -- Installing: /home/hun/ros2_study/install/my_first_package_msgs/include/my_first_package_msgs/my_first_package_msgs
[2.351s] -- Installing: /home/hun/ros2_study/install/my_first_package_msgs/include/my_first_package_msgs/my_first_package_msgs/msg
[2.351s] -- Installing: /home/hun/ros2_study/install/my_first_package_msgs/include/my_first_package_msgs/my_first_package_msgs/msg/cmd_and_pose_vel.h
[2.352s] -- Installing: /home/hun/ros2_study/install/my_first_package_msgs/include/my_first_package_msgs/my_first_package_msgs/msg/detail
[2.352s] -- Installing: /home/hun/ros2_study/install/my_first_package_msgs/include/my_first_package_msgs/my_first_package_msgs/msg/detail/cmd_and_pose_vel__type_support.h
[2.352s] -- Installing: /home/hun/ros2_study/install/my_first_package_msgs/include/my_first_package_msgs/my_first_package_msgs/msg/detail/cmd_and_pose_vel__struct.h
[2.352s] -- Installing: /home/hun/ros2_study/install/my_first_package_msgs/include/my_first_package_msgs/my_first_package_msgs/msg/detail/cmd_and_pose_vel__functions.c
[2.352s] -- Installing: /home/hun/ros2_study/install/my_first_package_msgs/include/my_first_package_msgs/my_first_package_msgs/msg/detail/cmd_and_pose_vel__functions.h
[2.352s] -- Installing: /home/hun/ros2_study/install/my_first_package_msgs/include/my_first_package_msgs/my_first_package_msgs/msg/rosidl_generator_c__visibility_control.h
[2.352s] -- Installing: /home/hun/ros2_study/install/my_first_package_msgs/share/my_first_package_msgs/environment/library_path.sh
[2.352s] -- Installing: /home/hun/ros2_study/install/my_first_package_msgs/share/my_first_package_msgs/environment/library_path.dsv
[2.352s] -- Installing: /home/hun/ros2_study/install/my_first_package_msgs/lib/libmy_first_package_msgs__rosidl_generator_c.so
[2.352s] -- Set runtime path of "/home/hun/ros2_study/install/my_first_package_msgs/lib/libmy_first_package_msgs__rosidl_generator_c.so" to ""
[2.352s] -- Up-to-date: /home/hun/ros2_study/install/my_first_package_msgs/include/my_first_package_msgs/my_first_package_msgs
[2.352s] -- Up-to-date: /home/hun/ros2_study/install/my_first_package_msgs/include/my_first_package_msgs/my_first_package_msgs/msg
[2.352s] -- Up-to-date: /home/hun/ros2_study/install/my_first_package_msgs/include/my_first_package_msgs/my_first_package_msgs/msg/detail
[2.352s] -- Installing: /home/hun/ros2_study/install/my_first_package_msgs/include/my_first_package_msgs/my_first_package_msgs/msg/detail/cmd_and_pose_vel__rosidl_typesupport_fastrtps_c.h
[2.352s] -- Installing: /home/hun/ros2_study/install/my_first_package_msgs/include/my_first_package_msgs/my_first_package_msgs/msg/rosidl_typesupport_fastrtps_c__visibility_control.h
[2.352s] -- Installing: /home/hun/ros2_study/install/my_first_package_msgs/lib/libmy_first_package_msgs__rosidl_typesupport_fastrtps_c.so
[2.353s] -- Set runtime path of "/home/hun/ros2_study/install/my_first_package_msgs/lib/libmy_first_package_msgs__rosidl_typesupport_fastrtps_c.so" to ""
[2.353s] -- Up-to-date: /home/hun/ros2_study/install/my_first_package_msgs/include/my_first_package_msgs/my_first_package_msgs
[2.353s] -- Up-to-date: /home/hun/ros2_study/install/my_first_package_msgs/include/my_first_package_msgs/my_first_package_msgs/msg
[2.353s] -- Up-to-date: /home/hun/ros2_study/install/my_first_package_msgs/include/my_first_package_msgs/my_first_package_msgs/msg/detail
[2.353s] -- Installing: /home/hun/ros2_study/install/my_first_package_msgs/include/my_first_package_msgs/my_first_package_msgs/msg/detail/cmd_and_pose_vel__rosidl_typesupport_introspection_c.h
[2.353s] -- Installing: /home/hun/ros2_study/install/my_first_package_msgs/include/my_first_package_msgs/my_first_package_msgs/msg/detail/cmd_and_pose_vel__type_support.c
[2.353s] -- Installing: /home/hun/ros2_study/install/my_first_package_msgs/include/my_first_package_msgs/my_first_package_msgs/msg/rosidl_typesupport_introspection_c__visibility_control.h
[2.353s] -- Installing: /home/hun/ros2_study/install/my_first_package_msgs/lib/libmy_first_package_msgs__rosidl_typesupport_introspection_c.so
[2.353s] -- Set runtime path of "/home/hun/ros2_study/install/my_first_package_msgs/lib/libmy_first_package_msgs__rosidl_typesupport_introspection_c.so" to ""
[2.353s] -- Installing: /home/hun/ros2_study/install/my_first_package_msgs/lib/libmy_first_package_msgs__rosidl_typesupport_c.so
[2.353s] -- Set runtime path of "/home/hun/ros2_study/install/my_first_package_msgs/lib/libmy_first_package_msgs__rosidl_typesupport_c.so" to ""
[2.353s] -- Up-to-date: /home/hun/ros2_study/install/my_first_package_msgs/include/my_first_package_msgs/my_first_package_msgs
[2.353s] -- Up-to-date: /home/hun/ros2_study/install/my_first_package_msgs/include/my_first_package_msgs/my_first_package_msgs/msg
[2.353s] -- Installing: /home/hun/ros2_study/install/my_first_package_msgs/include/my_first_package_msgs/my_first_package_msgs/msg/cmd_and_pose_vel.hpp
[2.353s] -- Up-to-date: /home/hun/ros2_study/install/my_first_package_msgs/include/my_first_package_msgs/my_first_package_msgs/msg/detail
[2.354s] -- Installing: /home/hun/ros2_study/install/my_first_package_msgs/include/my_first_package_msgs/my_first_package_msgs/msg/detail/cmd_and_pose_vel__traits.hpp
[2.354s] -- Installing: /home/hun/ros2_study/install/my_first_package_msgs/include/my_first_package_msgs/my_first_package_msgs/msg/detail/cmd_and_pose_vel__struct.hpp
[2.354s] -- Installing: /home/hun/ros2_study/install/my_first_package_msgs/include/my_first_package_msgs/my_first_package_msgs/msg/detail/cmd_and_pose_vel__builder.hpp
[2.354s] -- Up-to-date: /home/hun/ros2_study/install/my_first_package_msgs/include/my_first_package_msgs/my_first_package_msgs
[2.354s] -- Up-to-date: /home/hun/ros2_study/install/my_first_package_msgs/include/my_first_package_msgs/my_first_package_msgs/msg
[2.354s] -- Installing: /home/hun/ros2_study/install/my_first_package_msgs/include/my_first_package_msgs/my_first_package_msgs/msg/rosidl_typesupport_fastrtps_cpp__visibility_control.h
[2.354s] -- Up-to-date: /home/hun/ros2_study/install/my_first_package_msgs/include/my_first_package_msgs/my_first_package_msgs/msg/detail
[2.354s] -- Installing: /home/hun/ros2_study/install/my_first_package_msgs/include/my_first_package_msgs/my_first_package_msgs/msg/detail/cmd_and_pose_vel__rosidl_typesupport_fastrtps_cpp.hpp
[2.354s] -- Installing: /home/hun/ros2_study/install/my_first_package_msgs/include/my_first_package_msgs/my_first_package_msgs/msg/detail/dds_fastrtps
[2.354s] -- Installing: /home/hun/ros2_study/install/my_first_package_msgs/lib/libmy_first_package_msgs__rosidl_typesupport_fastrtps_cpp.so
[2.354s] -- Set runtime path of "/home/hun/ros2_study/install/my_first_package_msgs/lib/libmy_first_package_msgs__rosidl_typesupport_fastrtps_cpp.so" to ""
[2.354s] -- Up-to-date: /home/hun/ros2_study/install/my_first_package_msgs/include/my_first_package_msgs/my_first_package_msgs
[2.354s] -- Up-to-date: /home/hun/ros2_study/install/my_first_package_msgs/include/my_first_package_msgs/my_first_package_msgs/msg
[2.355s] -- Up-to-date: /home/hun/ros2_study/install/my_first_package_msgs/include/my_first_package_msgs/my_first_package_msgs/msg/detail
[2.355s] -- Installing: /home/hun/ros2_study/install/my_first_package_msgs/include/my_first_package_msgs/my_first_package_msgs/msg/detail/cmd_and_pose_vel__type_support.cpp
[2.355s] -- Installing: /home/hun/ros2_study/install/my_first_package_msgs/include/my_first_package_msgs/my_first_package_msgs/msg/detail/cmd_and_pose_vel__rosidl_typesupport_introspection_cpp.hpp
[2.355s] -- Installing: /home/hun/ros2_study/install/my_first_package_msgs/lib/libmy_first_package_msgs__rosidl_typesupport_introspection_cpp.so
[2.355s] -- Set runtime path of "/home/hun/ros2_study/install/my_first_package_msgs/lib/libmy_first_package_msgs__rosidl_typesupport_introspection_cpp.so" to ""
[2.355s] -- Installing: /home/hun/ros2_study/install/my_first_package_msgs/lib/libmy_first_package_msgs__rosidl_typesupport_cpp.so
[2.355s] -- Set runtime path of "/home/hun/ros2_study/install/my_first_package_msgs/lib/libmy_first_package_msgs__rosidl_typesupport_cpp.so" to ""
[2.355s] -- Installing: /home/hun/ros2_study/install/my_first_package_msgs/share/my_first_package_msgs/environment/pythonpath.sh
[2.355s] -- Installing: /home/hun/ros2_study/install/my_first_package_msgs/share/my_first_package_msgs/environment/pythonpath.dsv
[2.355s] -- Installing: /home/hun/ros2_study/install/my_first_package_msgs/local/lib/python3.10/dist-packages/my_first_package_msgs-0.0.0-py3.10.egg-info
[2.356s] -- Installing: /home/hun/ros2_study/install/my_first_package_msgs/local/lib/python3.10/dist-packages/my_first_package_msgs-0.0.0-py3.10.egg-info/top_level.txt
[2.356s] -- Installing: /home/hun/ros2_study/install/my_first_package_msgs/local/lib/python3.10/dist-packages/my_first_package_msgs-0.0.0-py3.10.egg-info/SOURCES.txt
[2.356s] -- Installing: /home/hun/ros2_study/install/my_first_package_msgs/local/lib/python3.10/dist-packages/my_first_package_msgs-0.0.0-py3.10.egg-info/PKG-INFO
[2.356s] -- Installing: /home/hun/ros2_study/install/my_first_package_msgs/local/lib/python3.10/dist-packages/my_first_package_msgs-0.0.0-py3.10.egg-info/dependency_links.txt
[2.356s] -- Installing: /home/hun/ros2_study/install/my_first_package_msgs/local/lib/python3.10/dist-packages/my_first_package_msgs
[2.356s] -- Installing: /home/hun/ros2_study/install/my_first_package_msgs/local/lib/python3.10/dist-packages/my_first_package_msgs/my_first_package_msgs_s__rosidl_typesupport_c.cpython-310-x86_64-linux-gnu.so
[2.356s] -- Installing: /home/hun/ros2_study/install/my_first_package_msgs/local/lib/python3.10/dist-packages/my_first_package_msgs/_my_first_package_msgs_s.ep.rosidl_typesupport_c.c
[2.356s] -- Installing: /home/hun/ros2_study/install/my_first_package_msgs/local/lib/python3.10/dist-packages/my_first_package_msgs/__init__.py
[2.356s] -- Installing: /home/hun/ros2_study/install/my_first_package_msgs/local/lib/python3.10/dist-packages/my_first_package_msgs/my_first_package_msgs_s__rosidl_typesupport_introspection_c.cpython-310-x86_64-linux-gnu.so
[2.357s] -- Installing: /home/hun/ros2_study/install/my_first_package_msgs/local/lib/python3.10/dist-packages/my_first_package_msgs/my_first_package_msgs_s__rosidl_typesupport_fastrtps_c.cpython-310-x86_64-linux-gnu.so
[2.357s] -- Installing: /home/hun/ros2_study/install/my_first_package_msgs/local/lib/python3.10/dist-packages/my_first_package_msgs/libmy_first_package_msgs__rosidl_generator_py.so
[2.357s] -- Installing: /home/hun/ros2_study/install/my_first_package_msgs/local/lib/python3.10/dist-packages/my_first_package_msgs/_my_first_package_msgs_s.ep.rosidl_typesupport_fastrtps_c.c
[2.357s] -- Installing: /home/hun/ros2_study/install/my_first_package_msgs/local/lib/python3.10/dist-packages/my_first_package_msgs/msg
[2.357s] -- Installing: /home/hun/ros2_study/install/my_first_package_msgs/local/lib/python3.10/dist-packages/my_first_package_msgs/msg/__init__.py
[2.357s] -- Installing: /home/hun/ros2_study/install/my_first_package_msgs/local/lib/python3.10/dist-packages/my_first_package_msgs/msg/_cmd_and_pose_vel_s.c
[2.357s] -- Installing: /home/hun/ros2_study/install/my_first_package_msgs/local/lib/python3.10/dist-packages/my_first_package_msgs/msg/_cmd_and_pose_vel.py
[2.357s] -- Installing: /home/hun/ros2_study/install/my_first_package_msgs/local/lib/python3.10/dist-packages/my_first_package_msgs/_my_first_package_msgs_s.ep.rosidl_typesupport_introspection_c.c
[2.380s] Listing '/home/hun/ros2_study/install/my_first_package_msgs/local/lib/python3.10/dist-packages/my_first_package_msgs'...
[2.380s] Compiling '/home/hun/ros2_study/install/my_first_package_msgs/local/lib/python3.10/dist-packages/my_first_package_msgs/__init__.py'...
[2.380s] Listing '/home/hun/ros2_study/install/my_first_package_msgs/local/lib/python3.10/dist-packages/my_first_package_msgs/msg'...
[2.380s] Compiling '/home/hun/ros2_study/install/my_first_package_msgs/local/lib/python3.10/dist-packages/my_first_package_msgs/msg/__init__.py'...
[2.381s] Compiling '/home/hun/ros2_study/install/my_first_package_msgs/local/lib/python3.10/dist-packages/my_first_package_msgs/msg/_cmd_and_pose_vel.py'...
[2.384s] -- Installing: /home/hun/ros2_study/install/my_first_package_msgs/local/lib/python3.10/dist-packages/my_first_package_msgs/my_first_package_msgs_s__rosidl_typesupport_fastrtps_c.cpython-310-x86_64-linux-gnu.so
[2.384s] -- Set runtime path of "/home/hun/ros2_study/install/my_first_package_msgs/local/lib/python3.10/dist-packages/my_first_package_msgs/my_first_package_msgs_s__rosidl_typesupport_fastrtps_c.cpython-310-x86_64-linux-gnu.so" to ""
[2.384s] -- Installing: /home/hun/ros2_study/install/my_first_package_msgs/local/lib/python3.10/dist-packages/my_first_package_msgs/my_first_package_msgs_s__rosidl_typesupport_introspection_c.cpython-310-x86_64-linux-gnu.so
[2.384s] -- Set runtime path of "/home/hun/ros2_study/install/my_first_package_msgs/local/lib/python3.10/dist-packages/my_first_package_msgs/my_first_package_msgs_s__rosidl_typesupport_introspection_c.cpython-310-x86_64-linux-gnu.so" to ""
[2.384s] -- Installing: /home/hun/ros2_study/install/my_first_package_msgs/local/lib/python3.10/dist-packages/my_first_package_msgs/my_first_package_msgs_s__rosidl_typesupport_c.cpython-310-x86_64-linux-gnu.so
[2.385s] -- Set runtime path of "/home/hun/ros2_study/install/my_first_package_msgs/local/lib/python3.10/dist-packages/my_first_package_msgs/my_first_package_msgs_s__rosidl_typesupport_c.cpython-310-x86_64-linux-gnu.so" to ""
[2.385s] -- Installing: /home/hun/ros2_study/install/my_first_package_msgs/lib/libmy_first_package_msgs__rosidl_generator_py.so
[2.385s] -- Set runtime path of "/home/hun/ros2_study/install/my_first_package_msgs/lib/libmy_first_package_msgs__rosidl_generator_py.so" to ""
[2.385s] -- Installing: /home/hun/ros2_study/install/my_first_package_msgs/share/my_first_package_msgs/msg/CmdAndPoseVel.idl
[2.385s] -- Installing: /home/hun/ros2_study/install/my_first_package_msgs/share/my_first_package_msgs/msg/CmdAndPoseVel.msg
[2.385s] -- Installing: /home/hun/ros2_study/install/my_first_package_msgs/share/ament_index/resource_index/package_run_dependencies/my_first_package_msgs
[2.385s] -- Installing: /home/hun/ros2_study/install/my_first_package_msgs/share/ament_index/resource_index/parent_prefix_path/my_first_package_msgs
[2.385s] -- Installing: /home/hun/ros2_study/install/my_first_package_msgs/share/my_first_package_msgs/environment/ament_prefix_path.sh
[2.385s] -- Installing: /home/hun/ros2_study/install/my_first_package_msgs/share/my_first_package_msgs/environment/ament_prefix_path.dsv
[2.386s] -- Installing: /home/hun/ros2_study/install/my_first_package_msgs/share/my_first_package_msgs/environment/path.sh
[2.386s] -- Installing: /home/hun/ros2_study/install/my_first_package_msgs/share/my_first_package_msgs/environment/path.dsv
[2.386s] -- Installing: /home/hun/ros2_study/install/my_first_package_msgs/share/my_first_package_msgs/local_setup.bash
[2.386s] -- Installing: /home/hun/ros2_study/install/my_first_package_msgs/share/my_first_package_msgs/local_setup.sh
[2.386s] -- Installing: /home/hun/ros2_study/install/my_first_package_msgs/share/my_first_package_msgs/local_setup.zsh
[2.386s] -- Installing: /home/hun/ros2_study/install/my_first_package_msgs/share/my_first_package_msgs/local_setup.dsv
[2.386s] -- Installing: /home/hun/ros2_study/install/my_first_package_msgs/share/my_first_package_msgs/package.dsv
[2.386s] -- Installing: /home/hun/ros2_study/install/my_first_package_msgs/share/ament_index/resource_index/packages/my_first_package_msgs
[2.386s] -- Installing: /home/hun/ros2_study/install/my_first_package_msgs/share/my_first_package_msgs/cmake/export_my_first_package_msgs__rosidl_generator_cExport.cmake
[2.387s] -- Installing: /home/hun/ros2_study/install/my_first_package_msgs/share/my_first_package_msgs/cmake/export_my_first_package_msgs__rosidl_generator_cExport-noconfig.cmake
[2.387s] -- Installing: /home/hun/ros2_study/install/my_first_package_msgs/share/my_first_package_msgs/cmake/export_my_first_package_msgs__rosidl_typesupport_fastrtps_cExport.cmake
[2.387s] -- Installing: /home/hun/ros2_study/install/my_first_package_msgs/share/my_first_package_msgs/cmake/export_my_first_package_msgs__rosidl_typesupport_fastrtps_cExport-noconfig.cmake
[2.387s] -- Installing: /home/hun/ros2_study/install/my_first_package_msgs/share/my_first_package_msgs/cmake/my_first_package_msgs__rosidl_typesupport_introspection_cExport.cmake
[2.387s] -- Installing: /home/hun/ros2_study/install/my_first_package_msgs/share/my_first_package_msgs/cmake/my_first_package_msgs__rosidl_typesupport_introspection_cExport-noconfig.cmake
[2.387s] -- Installing: /home/hun/ros2_study/install/my_first_package_msgs/share/my_first_package_msgs/cmake/my_first_package_msgs__rosidl_typesupport_cExport.cmake
[2.387s] -- Installing: /home/hun/ros2_study/install/my_first_package_msgs/share/my_first_package_msgs/cmake/my_first_package_msgs__rosidl_typesupport_cExport-noconfig.cmake
[2.387s] -- Installing: /home/hun/ros2_study/install/my_first_package_msgs/share/my_first_package_msgs/cmake/export_my_first_package_msgs__rosidl_generator_cppExport.cmake
[2.387s] -- Installing: /home/hun/ros2_study/install/my_first_package_msgs/share/my_first_package_msgs/cmake/export_my_first_package_msgs__rosidl_typesupport_fastrtps_cppExport.cmake
[2.388s] -- Installing: /home/hun/ros2_study/install/my_first_package_msgs/share/my_first_package_msgs/cmake/export_my_first_package_msgs__rosidl_typesupport_fastrtps_cppExport-noconfig.cmake
[2.388s] -- Installing: /home/hun/ros2_study/install/my_first_package_msgs/share/my_first_package_msgs/cmake/my_first_package_msgs__rosidl_typesupport_introspection_cppExport.cmake
[2.388s] -- Installing: /home/hun/ros2_study/install/my_first_package_msgs/share/my_first_package_msgs/cmake/my_first_package_msgs__rosidl_typesupport_introspection_cppExport-noconfig.cmake
[2.388s] -- Installing: /home/hun/ros2_study/install/my_first_package_msgs/share/my_first_package_msgs/cmake/my_first_package_msgs__rosidl_typesupport_cppExport.cmake
[2.388s] -- Installing: /home/hun/ros2_study/install/my_first_package_msgs/share/my_first_package_msgs/cmake/my_first_package_msgs__rosidl_typesupport_cppExport-noconfig.cmake
[2.388s] -- Installing: /home/hun/ros2_study/install/my_first_package_msgs/share/my_first_package_msgs/cmake/export_my_first_package_msgs__rosidl_generator_pyExport.cmake
[2.388s] -- Installing: /home/hun/ros2_study/install/my_first_package_msgs/share/my_first_package_msgs/cmake/export_my_first_package_msgs__rosidl_generator_pyExport-noconfig.cmake
[2.388s] -- Installing: /home/hun/ros2_study/install/my_first_package_msgs/share/my_first_package_msgs/cmake/rosidl_cmake-extras.cmake
[2.388s] -- Installing: /home/hun/ros2_study/install/my_first_package_msgs/share/my_first_package_msgs/cmake/ament_cmake_export_include_directories-extras.cmake
[2.389s] -- Installing: /home/hun/ros2_study/install/my_first_package_msgs/share/my_first_package_msgs/cmake/ament_cmake_export_libraries-extras.cmake
[2.389s] -- Installing: /home/hun/ros2_study/install/my_first_package_msgs/share/my_first_package_msgs/cmake/ament_cmake_export_targets-extras.cmake
[2.389s] -- Installing: /home/hun/ros2_study/install/my_first_package_msgs/share/my_first_package_msgs/cmake/rosidl_cmake_export_typesupport_targets-extras.cmake
[2.389s] -- Installing: /home/hun/ros2_study/install/my_first_package_msgs/share/my_first_package_msgs/cmake/ament_cmake_export_dependencies-extras.cmake
[2.389s] -- Installing: /home/hun/ros2_study/install/my_first_package_msgs/share/my_first_package_msgs/cmake/rosidl_cmake_export_typesupport_libraries-extras.cmake
[2.389s] -- Installing: /home/hun/ros2_study/install/my_first_package_msgs/share/my_first_package_msgs/cmake/my_first_package_msgsConfig.cmake
[2.389s] -- Installing: /home/hun/ros2_study/install/my_first_package_msgs/share/my_first_package_msgs/cmake/my_first_package_msgsConfig-version.cmake
[2.389s] -- Installing: /home/hun/ros2_study/install/my_first_package_msgs/share/my_first_package_msgs/package.xml
[2.391s] Invoked command in '/home/hun/ros2_study/build/my_first_package_msgs' returned '0': CMAKE_PREFIX_PATH=/opt/ros/humble /usr/bin/cmake --install /home/hun/ros2_study/build/my_first_package_msgs
