[0.185s] Invoking command in '/home/hun/ros2_study/build/my_first_package_msgs': CMAKE_PREFIX_PATH=${CMAKE_PREFIX_PATH}:/home/hun/ros2_study/install/my_first_package:/opt/ros/humble /usr/bin/cmake --build /home/hun/ros2_study/build/my_first_package_msgs -- -j8 -l8
[0.212s] [35m[1mConsolidate compiler generated dependencies of target my_first_package_msgs__rosidl_generator_c[0m
[0.218s] [  3%] Built target my_first_package_msgs__cpp
[0.219s] [ 12%] Built target my_first_package_msgs__rosidl_generator_c
[0.229s] [ 12%] Built target ament_cmake_python_copy_my_first_package_msgs
[0.229s] [35m[1mConsolidate compiler generated dependencies of target my_first_package_msgs__rosidl_typesupport_fastrtps_c[0m
[0.229s] [35m[1mConsolidate compiler generated dependencies of target my_first_package_msgs__rosidl_typesupport_fastrtps_cpp[0m
[0.229s] [35m[1mConsolidate compiler generated dependencies of target my_first_package_msgs__rosidl_typesupport_introspection_cpp[0m
[0.229s] [35m[1mConsolidate compiler generated dependencies of target my_first_package_msgs__rosidl_typesupport_introspection_c[0m
[0.230s] [35m[1mConsolidate compiler generated dependencies of target my_first_package_msgs__rosidl_typesupport_cpp[0m
[0.230s] [35m[1mConsolidate compiler generated dependencies of target my_first_package_msgs__rosidl_typesupport_c[0m
[0.239s] [ 41%] Built target my_first_package_msgs__rosidl_typesupport_fastrtps_cpp
[0.240s] [ 41%] Built target my_first_package_msgs__rosidl_typesupport_introspection_cpp
[0.240s] [ 51%] Built target my_first_package_msgs__rosidl_typesupport_c
[0.241s] [ 41%] Built target my_first_package_msgs__rosidl_typesupport_introspection_c
[0.241s] [ 70%] Built target my_first_package_msgs__rosidl_typesupport_cpp
[0.241s] [ 70%] Built target my_first_package_msgs__rosidl_typesupport_fastrtps_c
[0.255s] [ 70%] Built target my_first_package_msgs
[0.270s] [ 74%] Built target my_first_package_msgs__py
[0.277s] [35m[1mConsolidate compiler generated dependencies of target my_first_package_msgs__rosidl_generator_py[0m
[0.286s] [ 80%] Built target my_first_package_msgs__rosidl_generator_py
[0.293s] [35m[1mConsolidate compiler generated dependencies of target my_first_package_msgs__rosidl_typesupport_fastrtps_c__pyext[0m
[0.295s] [35m[1mConsolidate compiler generated dependencies of target my_first_package_msgs__rosidl_typesupport_introspection_c__pyext[0m
[0.295s] [35m[1mConsolidate compiler generated dependencies of target my_first_package_msgs__rosidl_typesupport_c__pyext[0m
[0.302s] [ 87%] Built target my_first_package_msgs__rosidl_typesupport_fastrtps_c__pyext
[0.306s] [ 93%] Built target my_first_package_msgs__rosidl_typesupport_c__pyext
[0.307s] [100%] Built target my_first_package_msgs__rosidl_typesupport_introspection_c__pyext
[0.414s] running egg_info
[0.414s] writing my_first_package_msgs.egg-info/PKG-INFO
[0.414s] writing dependency_links to my_first_package_msgs.egg-info/dependency_links.txt
[0.414s] writing top-level names to my_first_package_msgs.egg-info/top_level.txt
[0.416s] reading manifest file 'my_first_package_msgs.egg-info/SOURCES.txt'
[0.417s] writing manifest file 'my_first_package_msgs.egg-info/SOURCES.txt'
[0.438s] [100%] Built target ament_cmake_python_build_my_first_package_msgs_egg
[0.447s] Invoked command in '/home/hun/ros2_study/build/my_first_package_msgs' returned '0': CMAKE_PREFIX_PATH=${CMAKE_PREFIX_PATH}:/home/hun/ros2_study/install/my_first_package:/opt/ros/humble /usr/bin/cmake --build /home/hun/ros2_study/build/my_first_package_msgs -- -j8 -l8
[0.492s] Invoking command in '/home/hun/ros2_study/build/my_first_package_msgs': CMAKE_PREFIX_PATH=${CMAKE_PREFIX_PATH}:/home/hun/ros2_study/install/my_first_package:/opt/ros/humble /usr/bin/cmake --install /home/hun/ros2_study/build/my_first_package_msgs
[0.497s] -- Install configuration: ""
[0.498s] -- Up-to-date: /home/hun/ros2_study/install/my_first_package_msgs/share/ament_index/resource_index/rosidl_interfaces/my_first_package_msgs
[0.498s] -- Up-to-date: /home/hun/ros2_study/install/my_first_package_msgs/include/my_first_package_msgs/my_first_package_msgs
[0.498s] -- Up-to-date: /home/hun/ros2_study/install/my_first_package_msgs/include/my_first_package_msgs/my_first_package_msgs/msg
[0.498s] -- Up-to-date: /home/hun/ros2_study/install/my_first_package_msgs/include/my_first_package_msgs/my_first_package_msgs/msg/cmd_and_pose_vel.h
[0.498s] -- Up-to-date: /home/hun/ros2_study/install/my_first_package_msgs/include/my_first_package_msgs/my_first_package_msgs/msg/detail
[0.498s] -- Up-to-date: /home/hun/ros2_study/install/my_first_package_msgs/include/my_first_package_msgs/my_first_package_msgs/msg/detail/cmd_and_pose_vel__type_support.h
[0.498s] -- Up-to-date: /home/hun/ros2_study/install/my_first_package_msgs/include/my_first_package_msgs/my_first_package_msgs/msg/detail/cmd_and_pose_vel__struct.h
[0.498s] -- Up-to-date: /home/hun/ros2_study/install/my_first_package_msgs/include/my_first_package_msgs/my_first_package_msgs/msg/detail/cmd_and_pose_vel__functions.c
[0.498s] -- Up-to-date: /home/hun/ros2_study/install/my_first_package_msgs/include/my_first_package_msgs/my_first_package_msgs/msg/detail/cmd_and_pose_vel__functions.h
[0.498s] -- Up-to-date: /home/hun/ros2_study/install/my_first_package_msgs/include/my_first_package_msgs/my_first_package_msgs/msg/rosidl_generator_c__visibility_control.h
[0.498s] -- Up-to-date: /home/hun/ros2_study/install/my_first_package_msgs/share/my_first_package_msgs/environment/library_path.sh
[0.498s] -- Up-to-date: /home/hun/ros2_study/install/my_first_package_msgs/share/my_first_package_msgs/environment/library_path.dsv
[0.498s] -- Up-to-date: /home/hun/ros2_study/install/my_first_package_msgs/lib/libmy_first_package_msgs__rosidl_generator_c.so
[0.499s] -- Up-to-date: /home/hun/ros2_study/install/my_first_package_msgs/include/my_first_package_msgs/my_first_package_msgs
[0.499s] -- Up-to-date: /home/hun/ros2_study/install/my_first_package_msgs/include/my_first_package_msgs/my_first_package_msgs/msg
[0.499s] -- Up-to-date: /home/hun/ros2_study/install/my_first_package_msgs/include/my_first_package_msgs/my_first_package_msgs/msg/detail
[0.499s] -- Up-to-date: /home/hun/ros2_study/install/my_first_package_msgs/include/my_first_package_msgs/my_first_package_msgs/msg/detail/cmd_and_pose_vel__rosidl_typesupport_fastrtps_c.h
[0.499s] -- Up-to-date: /home/hun/ros2_study/install/my_first_package_msgs/include/my_first_package_msgs/my_first_package_msgs/msg/rosidl_typesupport_fastrtps_c__visibility_control.h
[0.499s] -- Up-to-date: /home/hun/ros2_study/install/my_first_package_msgs/lib/libmy_first_package_msgs__rosidl_typesupport_fastrtps_c.so
[0.499s] -- Up-to-date: /home/hun/ros2_study/install/my_first_package_msgs/include/my_first_package_msgs/my_first_package_msgs
[0.499s] -- Up-to-date: /home/hun/ros2_study/install/my_first_package_msgs/include/my_first_package_msgs/my_first_package_msgs/msg
[0.499s] -- Up-to-date: /home/hun/ros2_study/install/my_first_package_msgs/include/my_first_package_msgs/my_first_package_msgs/msg/detail
[0.499s] -- Up-to-date: /home/hun/ros2_study/install/my_first_package_msgs/include/my_first_package_msgs/my_first_package_msgs/msg/detail/cmd_and_pose_vel__rosidl_typesupport_introspection_c.h
[0.499s] -- Up-to-date: /home/hun/ros2_study/install/my_first_package_msgs/include/my_first_package_msgs/my_first_package_msgs/msg/detail/cmd_and_pose_vel__type_support.c
[0.499s] -- Up-to-date: /home/hun/ros2_study/install/my_first_package_msgs/include/my_first_package_msgs/my_first_package_msgs/msg/rosidl_typesupport_introspection_c__visibility_control.h
[0.499s] -- Up-to-date: /home/hun/ros2_study/install/my_first_package_msgs/lib/libmy_first_package_msgs__rosidl_typesupport_introspection_c.so
[0.500s] -- Up-to-date: /home/hun/ros2_study/install/my_first_package_msgs/lib/libmy_first_package_msgs__rosidl_typesupport_c.so
[0.500s] -- Up-to-date: /home/hun/ros2_study/install/my_first_package_msgs/include/my_first_package_msgs/my_first_package_msgs
[0.500s] -- Up-to-date: /home/hun/ros2_study/install/my_first_package_msgs/include/my_first_package_msgs/my_first_package_msgs/msg
[0.500s] -- Up-to-date: /home/hun/ros2_study/install/my_first_package_msgs/include/my_first_package_msgs/my_first_package_msgs/msg/cmd_and_pose_vel.hpp
[0.500s] -- Up-to-date: /home/hun/ros2_study/install/my_first_package_msgs/include/my_first_package_msgs/my_first_package_msgs/msg/detail
[0.500s] -- Up-to-date: /home/hun/ros2_study/install/my_first_package_msgs/include/my_first_package_msgs/my_first_package_msgs/msg/detail/cmd_and_pose_vel__traits.hpp
[0.500s] -- Up-to-date: /home/hun/ros2_study/install/my_first_package_msgs/include/my_first_package_msgs/my_first_package_msgs/msg/detail/cmd_and_pose_vel__struct.hpp
[0.500s] -- Up-to-date: /home/hun/ros2_study/install/my_first_package_msgs/include/my_first_package_msgs/my_first_package_msgs/msg/detail/cmd_and_pose_vel__builder.hpp
[0.500s] -- Up-to-date: /home/hun/ros2_study/install/my_first_package_msgs/include/my_first_package_msgs/my_first_package_msgs
[0.500s] -- Up-to-date: /home/hun/ros2_study/install/my_first_package_msgs/include/my_first_package_msgs/my_first_package_msgs/msg
[0.500s] -- Up-to-date: /home/hun/ros2_study/install/my_first_package_msgs/include/my_first_package_msgs/my_first_package_msgs/msg/rosidl_typesupport_fastrtps_cpp__visibility_control.h
[0.500s] -- Up-to-date: /home/hun/ros2_study/install/my_first_package_msgs/include/my_first_package_msgs/my_first_package_msgs/msg/detail
[0.500s] -- Up-to-date: /home/hun/ros2_study/install/my_first_package_msgs/include/my_first_package_msgs/my_first_package_msgs/msg/detail/cmd_and_pose_vel__rosidl_typesupport_fastrtps_cpp.hpp
[0.501s] -- Up-to-date: /home/hun/ros2_study/install/my_first_package_msgs/include/my_first_package_msgs/my_first_package_msgs/msg/detail/dds_fastrtps
[0.501s] -- Up-to-date: /home/hun/ros2_study/install/my_first_package_msgs/lib/libmy_first_package_msgs__rosidl_typesupport_fastrtps_cpp.so
[0.501s] -- Up-to-date: /home/hun/ros2_study/install/my_first_package_msgs/include/my_first_package_msgs/my_first_package_msgs
[0.501s] -- Up-to-date: /home/hun/ros2_study/install/my_first_package_msgs/include/my_first_package_msgs/my_first_package_msgs/msg
[0.501s] -- Up-to-date: /home/hun/ros2_study/install/my_first_package_msgs/include/my_first_package_msgs/my_first_package_msgs/msg/detail
[0.501s] -- Up-to-date: /home/hun/ros2_study/install/my_first_package_msgs/include/my_first_package_msgs/my_first_package_msgs/msg/detail/cmd_and_pose_vel__type_support.cpp
[0.501s] -- Up-to-date: /home/hun/ros2_study/install/my_first_package_msgs/include/my_first_package_msgs/my_first_package_msgs/msg/detail/cmd_and_pose_vel__rosidl_typesupport_introspection_cpp.hpp
[0.501s] -- Up-to-date: /home/hun/ros2_study/install/my_first_package_msgs/lib/libmy_first_package_msgs__rosidl_typesupport_introspection_cpp.so
[0.501s] -- Up-to-date: /home/hun/ros2_study/install/my_first_package_msgs/lib/libmy_first_package_msgs__rosidl_typesupport_cpp.so
[0.501s] -- Up-to-date: /home/hun/ros2_study/install/my_first_package_msgs/share/my_first_package_msgs/environment/pythonpath.sh
[0.501s] -- Up-to-date: /home/hun/ros2_study/install/my_first_package_msgs/share/my_first_package_msgs/environment/pythonpath.dsv
[0.501s] -- Up-to-date: /home/hun/ros2_study/install/my_first_package_msgs/local/lib/python3.10/dist-packages/my_first_package_msgs-0.0.0-py3.10.egg-info
[0.501s] -- Installing: /home/hun/ros2_study/install/my_first_package_msgs/local/lib/python3.10/dist-packages/my_first_package_msgs-0.0.0-py3.10.egg-info/top_level.txt
[0.501s] -- Installing: /home/hun/ros2_study/install/my_first_package_msgs/local/lib/python3.10/dist-packages/my_first_package_msgs-0.0.0-py3.10.egg-info/SOURCES.txt
[0.501s] -- Installing: /home/hun/ros2_study/install/my_first_package_msgs/local/lib/python3.10/dist-packages/my_first_package_msgs-0.0.0-py3.10.egg-info/PKG-INFO
[0.502s] -- Installing: /home/hun/ros2_study/install/my_first_package_msgs/local/lib/python3.10/dist-packages/my_first_package_msgs-0.0.0-py3.10.egg-info/dependency_links.txt
[0.502s] -- Up-to-date: /home/hun/ros2_study/install/my_first_package_msgs/local/lib/python3.10/dist-packages/my_first_package_msgs
[0.502s] -- Up-to-date: /home/hun/ros2_study/install/my_first_package_msgs/local/lib/python3.10/dist-packages/my_first_package_msgs/my_first_package_msgs_s__rosidl_typesupport_c.cpython-310-x86_64-linux-gnu.so
[0.502s] -- Up-to-date: /home/hun/ros2_study/install/my_first_package_msgs/local/lib/python3.10/dist-packages/my_first_package_msgs/_my_first_package_msgs_s.ep.rosidl_typesupport_c.c
[0.502s] -- Up-to-date: /home/hun/ros2_study/install/my_first_package_msgs/local/lib/python3.10/dist-packages/my_first_package_msgs/__init__.py
[0.502s] -- Up-to-date: /home/hun/ros2_study/install/my_first_package_msgs/local/lib/python3.10/dist-packages/my_first_package_msgs/my_first_package_msgs_s__rosidl_typesupport_introspection_c.cpython-310-x86_64-linux-gnu.so
[0.502s] -- Up-to-date: /home/hun/ros2_study/install/my_first_package_msgs/local/lib/python3.10/dist-packages/my_first_package_msgs/my_first_package_msgs_s__rosidl_typesupport_fastrtps_c.cpython-310-x86_64-linux-gnu.so
[0.502s] -- Up-to-date: /home/hun/ros2_study/install/my_first_package_msgs/local/lib/python3.10/dist-packages/my_first_package_msgs/libmy_first_package_msgs__rosidl_generator_py.so
[0.502s] -- Up-to-date: /home/hun/ros2_study/install/my_first_package_msgs/local/lib/python3.10/dist-packages/my_first_package_msgs/_my_first_package_msgs_s.ep.rosidl_typesupport_fastrtps_c.c
[0.502s] -- Up-to-date: /home/hun/ros2_study/install/my_first_package_msgs/local/lib/python3.10/dist-packages/my_first_package_msgs/msg
[0.502s] -- Up-to-date: /home/hun/ros2_study/install/my_first_package_msgs/local/lib/python3.10/dist-packages/my_first_package_msgs/msg/__init__.py
[0.502s] -- Up-to-date: /home/hun/ros2_study/install/my_first_package_msgs/local/lib/python3.10/dist-packages/my_first_package_msgs/msg/_cmd_and_pose_vel_s.c
[0.502s] -- Up-to-date: /home/hun/ros2_study/install/my_first_package_msgs/local/lib/python3.10/dist-packages/my_first_package_msgs/msg/_cmd_and_pose_vel.py
[0.502s] -- Up-to-date: /home/hun/ros2_study/install/my_first_package_msgs/local/lib/python3.10/dist-packages/my_first_package_msgs/_my_first_package_msgs_s.ep.rosidl_typesupport_introspection_c.c
[0.522s] Listing '/home/hun/ros2_study/install/my_first_package_msgs/local/lib/python3.10/dist-packages/my_first_package_msgs'...
[0.522s] Listing '/home/hun/ros2_study/install/my_first_package_msgs/local/lib/python3.10/dist-packages/my_first_package_msgs/msg'...
[0.525s] -- Up-to-date: /home/hun/ros2_study/install/my_first_package_msgs/local/lib/python3.10/dist-packages/my_first_package_msgs/my_first_package_msgs_s__rosidl_typesupport_fastrtps_c.cpython-310-x86_64-linux-gnu.so
[0.526s] -- Up-to-date: /home/hun/ros2_study/install/my_first_package_msgs/local/lib/python3.10/dist-packages/my_first_package_msgs/my_first_package_msgs_s__rosidl_typesupport_introspection_c.cpython-310-x86_64-linux-gnu.so
[0.526s] -- Up-to-date: /home/hun/ros2_study/install/my_first_package_msgs/local/lib/python3.10/dist-packages/my_first_package_msgs/my_first_package_msgs_s__rosidl_typesupport_c.cpython-310-x86_64-linux-gnu.so
[0.526s] -- Up-to-date: /home/hun/ros2_study/install/my_first_package_msgs/lib/libmy_first_package_msgs__rosidl_generator_py.so
[0.526s] -- Up-to-date: /home/hun/ros2_study/install/my_first_package_msgs/share/my_first_package_msgs/msg/CmdAndPoseVel.idl
[0.526s] -- Up-to-date: /home/hun/ros2_study/install/my_first_package_msgs/share/my_first_package_msgs/msg/CmdAndPoseVel.msg
[0.526s] -- Up-to-date: /home/hun/ros2_study/install/my_first_package_msgs/share/ament_index/resource_index/package_run_dependencies/my_first_package_msgs
[0.526s] -- Up-to-date: /home/hun/ros2_study/install/my_first_package_msgs/share/ament_index/resource_index/parent_prefix_path/my_first_package_msgs
[0.526s] -- Up-to-date: /home/hun/ros2_study/install/my_first_package_msgs/share/my_first_package_msgs/environment/ament_prefix_path.sh
[0.526s] -- Up-to-date: /home/hun/ros2_study/install/my_first_package_msgs/share/my_first_package_msgs/environment/ament_prefix_path.dsv
[0.526s] -- Up-to-date: /home/hun/ros2_study/install/my_first_package_msgs/share/my_first_package_msgs/environment/path.sh
[0.526s] -- Up-to-date: /home/hun/ros2_study/install/my_first_package_msgs/share/my_first_package_msgs/environment/path.dsv
[0.527s] -- Up-to-date: /home/hun/ros2_study/install/my_first_package_msgs/share/my_first_package_msgs/local_setup.bash
[0.527s] -- Up-to-date: /home/hun/ros2_study/install/my_first_package_msgs/share/my_first_package_msgs/local_setup.sh
[0.527s] -- Up-to-date: /home/hun/ros2_study/install/my_first_package_msgs/share/my_first_package_msgs/local_setup.zsh
[0.527s] -- Up-to-date: /home/hun/ros2_study/install/my_first_package_msgs/share/my_first_package_msgs/local_setup.dsv
[0.527s] -- Installing: /home/hun/ros2_study/install/my_first_package_msgs/share/my_first_package_msgs/package.dsv
[0.527s] -- Up-to-date: /home/hun/ros2_study/install/my_first_package_msgs/share/ament_index/resource_index/packages/my_first_package_msgs
[0.527s] -- Up-to-date: /home/hun/ros2_study/install/my_first_package_msgs/share/my_first_package_msgs/cmake/export_my_first_package_msgs__rosidl_generator_cExport.cmake
[0.527s] -- Up-to-date: /home/hun/ros2_study/install/my_first_package_msgs/share/my_first_package_msgs/cmake/export_my_first_package_msgs__rosidl_generator_cExport-noconfig.cmake
[0.527s] -- Up-to-date: /home/hun/ros2_study/install/my_first_package_msgs/share/my_first_package_msgs/cmake/export_my_first_package_msgs__rosidl_typesupport_fastrtps_cExport.cmake
[0.527s] -- Up-to-date: /home/hun/ros2_study/install/my_first_package_msgs/share/my_first_package_msgs/cmake/export_my_first_package_msgs__rosidl_typesupport_fastrtps_cExport-noconfig.cmake
[0.527s] -- Up-to-date: /home/hun/ros2_study/install/my_first_package_msgs/share/my_first_package_msgs/cmake/my_first_package_msgs__rosidl_typesupport_introspection_cExport.cmake
[0.527s] -- Up-to-date: /home/hun/ros2_study/install/my_first_package_msgs/share/my_first_package_msgs/cmake/my_first_package_msgs__rosidl_typesupport_introspection_cExport-noconfig.cmake
[0.527s] -- Up-to-date: /home/hun/ros2_study/install/my_first_package_msgs/share/my_first_package_msgs/cmake/my_first_package_msgs__rosidl_typesupport_cExport.cmake
[0.528s] -- Up-to-date: /home/hun/ros2_study/install/my_first_package_msgs/share/my_first_package_msgs/cmake/my_first_package_msgs__rosidl_typesupport_cExport-noconfig.cmake
[0.528s] -- Up-to-date: /home/hun/ros2_study/install/my_first_package_msgs/share/my_first_package_msgs/cmake/export_my_first_package_msgs__rosidl_generator_cppExport.cmake
[0.528s] -- Up-to-date: /home/hun/ros2_study/install/my_first_package_msgs/share/my_first_package_msgs/cmake/export_my_first_package_msgs__rosidl_typesupport_fastrtps_cppExport.cmake
[0.528s] -- Up-to-date: /home/hun/ros2_study/install/my_first_package_msgs/share/my_first_package_msgs/cmake/export_my_first_package_msgs__rosidl_typesupport_fastrtps_cppExport-noconfig.cmake
[0.528s] -- Up-to-date: /home/hun/ros2_study/install/my_first_package_msgs/share/my_first_package_msgs/cmake/my_first_package_msgs__rosidl_typesupport_introspection_cppExport.cmake
[0.528s] -- Up-to-date: /home/hun/ros2_study/install/my_first_package_msgs/share/my_first_package_msgs/cmake/my_first_package_msgs__rosidl_typesupport_introspection_cppExport-noconfig.cmake
[0.528s] -- Up-to-date: /home/hun/ros2_study/install/my_first_package_msgs/share/my_first_package_msgs/cmake/my_first_package_msgs__rosidl_typesupport_cppExport.cmake
[0.528s] -- Up-to-date: /home/hun/ros2_study/install/my_first_package_msgs/share/my_first_package_msgs/cmake/my_first_package_msgs__rosidl_typesupport_cppExport-noconfig.cmake
[0.528s] -- Up-to-date: /home/hun/ros2_study/install/my_first_package_msgs/share/my_first_package_msgs/cmake/export_my_first_package_msgs__rosidl_generator_pyExport.cmake
[0.528s] -- Up-to-date: /home/hun/ros2_study/install/my_first_package_msgs/share/my_first_package_msgs/cmake/export_my_first_package_msgs__rosidl_generator_pyExport-noconfig.cmake
[0.528s] -- Up-to-date: /home/hun/ros2_study/install/my_first_package_msgs/share/my_first_package_msgs/cmake/rosidl_cmake-extras.cmake
[0.528s] -- Up-to-date: /home/hun/ros2_study/install/my_first_package_msgs/share/my_first_package_msgs/cmake/ament_cmake_export_include_directories-extras.cmake
[0.529s] -- Up-to-date: /home/hun/ros2_study/install/my_first_package_msgs/share/my_first_package_msgs/cmake/ament_cmake_export_libraries-extras.cmake
[0.529s] -- Up-to-date: /home/hun/ros2_study/install/my_first_package_msgs/share/my_first_package_msgs/cmake/ament_cmake_export_targets-extras.cmake
[0.529s] -- Up-to-date: /home/hun/ros2_study/install/my_first_package_msgs/share/my_first_package_msgs/cmake/rosidl_cmake_export_typesupport_targets-extras.cmake
[0.529s] -- Up-to-date: /home/hun/ros2_study/install/my_first_package_msgs/share/my_first_package_msgs/cmake/ament_cmake_export_dependencies-extras.cmake
[0.530s] -- Up-to-date: /home/hun/ros2_study/install/my_first_package_msgs/share/my_first_package_msgs/cmake/rosidl_cmake_export_typesupport_libraries-extras.cmake
[0.530s] -- Up-to-date: /home/hun/ros2_study/install/my_first_package_msgs/share/my_first_package_msgs/cmake/my_first_package_msgsConfig.cmake
[0.530s] -- Up-to-date: /home/hun/ros2_study/install/my_first_package_msgs/share/my_first_package_msgs/cmake/my_first_package_msgsConfig-version.cmake
[0.530s] -- Up-to-date: /home/hun/ros2_study/install/my_first_package_msgs/share/my_first_package_msgs/package.xml
[0.530s] Invoked command in '/home/hun/ros2_study/build/my_first_package_msgs' returned '0': CMAKE_PREFIX_PATH=${CMAKE_PREFIX_PATH}:/home/hun/ros2_study/install/my_first_package:/opt/ros/humble /usr/bin/cmake --install /home/hun/ros2_study/build/my_first_package_msgs
