[0.482s] Invoking command in '/home/hun/ros2_study/src/my_first_package': PYTHONPATH=/home/hun/ros2_study/build/my_first_package/prefix_override:/usr/lib/python3/dist-packages/colcon_core/task/python/colcon_distutils_commands:/home/hun/ros2_study/install/my_first_package/lib/python3.10/site-packages:${PYTHONPATH} /usr/bin/python3 -W ignore:setup.py install is deprecated setup.py egg_info --egg-base ../../build/my_first_package build --build-base /home/hun/ros2_study/build/my_first_package/build install --record /home/hun/ros2_study/build/my_first_package/install.log --single-version-externally-managed install_data
[0.656s] running egg_info
[0.657s] writing ../../build/my_first_package/my_first_package.egg-info/PKG-INFO
[0.657s] writing dependency_links to ../../build/my_first_package/my_first_package.egg-info/dependency_links.txt
[0.657s] writing entry points to ../../build/my_first_package/my_first_package.egg-info/entry_points.txt
[0.657s] writing requirements to ../../build/my_first_package/my_first_package.egg-info/requires.txt
[0.657s] writing top-level names to ../../build/my_first_package/my_first_package.egg-info/top_level.txt
[0.658s] reading manifest file '../../build/my_first_package/my_first_package.egg-info/SOURCES.txt'
[0.659s] writing manifest file '../../build/my_first_package/my_first_package.egg-info/SOURCES.txt'
[0.659s] running build
[0.659s] running build_py
[0.659s] copying my_first_package/turtle_cmd_and_pose.py -> /home/hun/ros2_study/build/my_first_package/build/lib/my_first_package
[0.659s] running install
[0.659s] running install_lib
[0.660s] copying /home/hun/ros2_study/build/my_first_package/build/lib/my_first_package/turtle_cmd_and_pose.py -> /home/hun/ros2_study/install/my_first_package/lib/python3.10/site-packages/my_first_package
[0.660s] byte-compiling /home/hun/ros2_study/install/my_first_package/lib/python3.10/site-packages/my_first_package/turtle_cmd_and_pose.py to turtle_cmd_and_pose.cpython-310.pyc
[0.661s] running install_data
[0.661s] running install_egg_info
[0.662s] removing '/home/hun/ros2_study/install/my_first_package/lib/python3.10/site-packages/my_first_package-0.0.0-py3.10.egg-info' (and everything under it)
[0.662s] Copying ../../build/my_first_package/my_first_package.egg-info to /home/hun/ros2_study/install/my_first_package/lib/python3.10/site-packages/my_first_package-0.0.0-py3.10.egg-info
[0.663s] running install_scripts
[0.676s] Installing my_first_node script to /home/hun/ros2_study/install/my_first_package/lib/my_first_package
[0.676s] Installing my_publisher script to /home/hun/ros2_study/install/my_first_package/lib/my_first_package
[0.676s] Installing my_subscriber script to /home/hun/ros2_study/install/my_first_package/lib/my_first_package
[0.677s] writing list of installed files to '/home/hun/ros2_study/build/my_first_package/install.log'
[0.695s] Invoked command in '/home/hun/ros2_study/src/my_first_package' returned '0': PYTHONPATH=/home/hun/ros2_study/build/my_first_package/prefix_override:/usr/lib/python3/dist-packages/colcon_core/task/python/colcon_distutils_commands:/home/hun/ros2_study/install/my_first_package/lib/python3.10/site-packages:${PYTHONPATH} /usr/bin/python3 -W ignore:setup.py install is deprecated setup.py egg_info --egg-base ../../build/my_first_package build --build-base /home/hun/ros2_study/build/my_first_package/build install --record /home/hun/ros2_study/build/my_first_package/install.log --single-version-externally-managed install_data
