[0.454s] Invoking command in '/home/hun/ros2_study/src/my_first_package': PYTHONPATH=/home/hun/ros2_study/build/my_first_package/prefix_override:/usr/lib/python3/dist-packages/colcon_core/task/python/colcon_distutils_commands:/home/hun/ros2_study/install/my_first_package/lib/python3.10/site-packages:${PYTHONPATH} /usr/bin/python3 -W ignore:setup.py install is deprecated setup.py egg_info --egg-base ../../build/my_first_package build --build-base /home/hun/ros2_study/build/my_first_package/build install --record /home/hun/ros2_study/build/my_first_package/install.log --single-version-externally-managed install_data
[0.626s] running egg_info
[0.626s] writing ../../build/my_first_package/my_first_package.egg-info/PKG-INFO
[0.626s] writing dependency_links to ../../build/my_first_package/my_first_package.egg-info/dependency_links.txt
[0.626s] writing entry points to ../../build/my_first_package/my_first_package.egg-info/entry_points.txt
[0.627s] writing requirements to ../../build/my_first_package/my_first_package.egg-info/requires.txt
[0.627s] writing top-level names to ../../build/my_first_package/my_first_package.egg-info/top_level.txt
[0.628s] reading manifest file '../../build/my_first_package/my_first_package.egg-info/SOURCES.txt'
[0.629s] writing manifest file '../../build/my_first_package/my_first_package.egg-info/SOURCES.txt'
[0.629s] running build
[0.629s] running build_py
[0.629s] running install
[0.629s] running install_lib
[0.630s] running install_data
[0.630s] running install_egg_info
[0.632s] removing '/home/hun/ros2_study/install/my_first_package/lib/python3.10/site-packages/my_first_package-0.0.0-py3.10.egg-info' (and everything under it)
[0.632s] Copying ../../build/my_first_package/my_first_package.egg-info to /home/hun/ros2_study/install/my_first_package/lib/python3.10/site-packages/my_first_package-0.0.0-py3.10.egg-info
[0.632s] running install_scripts
[0.647s] Installing my_first_node script to /home/hun/ros2_study/install/my_first_package/lib/my_first_package
[0.647s] Installing my_publisher script to /home/hun/ros2_study/install/my_first_package/lib/my_first_package
[0.647s] Installing my_subscriber script to /home/hun/ros2_study/install/my_first_package/lib/my_first_package
[0.647s] writing list of installed files to '/home/hun/ros2_study/build/my_first_package/install.log'
[0.668s] Invoked command in '/home/hun/ros2_study/src/my_first_package' returned '0': PYTHONPATH=/home/hun/ros2_study/build/my_first_package/prefix_override:/usr/lib/python3/dist-packages/colcon_core/task/python/colcon_distutils_commands:/home/hun/ros2_study/install/my_first_package/lib/python3.10/site-packages:${PYTHONPATH} /usr/bin/python3 -W ignore:setup.py install is deprecated setup.py egg_info --egg-base ../../build/my_first_package build --build-base /home/hun/ros2_study/build/my_first_package/build install --record /home/hun/ros2_study/build/my_first_package/install.log --single-version-externally-managed install_data
