[0.452s] Invoking command in '/home/hun/ros2_study/src/my_first_package': PYTHONPATH=/home/hun/ros2_study/build/my_first_package/prefix_override:/usr/lib/python3/dist-packages/colcon_core/task/python/colcon_distutils_commands:/home/hun/ros2_study/install/my_first_package/lib/python3.10/site-packages:${PYTHONPATH} /usr/bin/python3 -W ignore:setup.py install is deprecated setup.py egg_info --egg-base ../../build/my_first_package build --build-base /home/hun/ros2_study/build/my_first_package/build install --record /home/hun/ros2_study/build/my_first_package/install.log --single-version-externally-managed install_data
[0.610s] running egg_info
[0.611s] creating ../../build/my_first_package/my_first_package.egg-info
[0.611s] writing ../../build/my_first_package/my_first_package.egg-info/PKG-INFO
[0.611s] writing dependency_links to ../../build/my_first_package/my_first_package.egg-info/dependency_links.txt
[0.611s] writing entry points to ../../build/my_first_package/my_first_package.egg-info/entry_points.txt
[0.611s] writing requirements to ../../build/my_first_package/my_first_package.egg-info/requires.txt
[0.611s] writing top-level names to ../../build/my_first_package/my_first_package.egg-info/top_level.txt
[0.611s] writing manifest file '../../build/my_first_package/my_first_package.egg-info/SOURCES.txt'
[0.612s] reading manifest file '../../build/my_first_package/my_first_package.egg-info/SOURCES.txt'
[0.613s] writing manifest file '../../build/my_first_package/my_first_package.egg-info/SOURCES.txt'
[0.613s] running build
[0.613s] running build_py
[0.613s] creating /home/hun/ros2_study/build/my_first_package/build
[0.613s] creating /home/hun/ros2_study/build/my_first_package/build/lib
[0.613s] creating /home/hun/ros2_study/build/my_first_package/build/lib/my_first_package
[0.613s] copying my_first_package/my_first_node.py -> /home/hun/ros2_study/build/my_first_package/build/lib/my_first_package
[0.613s] copying my_first_package/__init__.py -> /home/hun/ros2_study/build/my_first_package/build/lib/my_first_package
[0.613s] running install
[0.613s] running install_lib
[0.614s] creating /home/hun/ros2_study/install/my_first_package/lib/python3.10/site-packages/my_first_package
[0.614s] copying /home/hun/ros2_study/build/my_first_package/build/lib/my_first_package/my_first_node.py -> /home/hun/ros2_study/install/my_first_package/lib/python3.10/site-packages/my_first_package
[0.614s] copying /home/hun/ros2_study/build/my_first_package/build/lib/my_first_package/__init__.py -> /home/hun/ros2_study/install/my_first_package/lib/python3.10/site-packages/my_first_package
[0.614s] byte-compiling /home/hun/ros2_study/install/my_first_package/lib/python3.10/site-packages/my_first_package/my_first_node.py to my_first_node.cpython-310.pyc
[0.614s] byte-compiling /home/hun/ros2_study/install/my_first_package/lib/python3.10/site-packages/my_first_package/__init__.py to __init__.cpython-310.pyc
[0.615s] running install_data
[0.615s] creating /home/hun/ros2_study/install/my_first_package/share/ament_index
[0.615s] creating /home/hun/ros2_study/install/my_first_package/share/ament_index/resource_index
[0.615s] creating /home/hun/ros2_study/install/my_first_package/share/ament_index/resource_index/packages
[0.615s] copying resource/my_first_package -> /home/hun/ros2_study/install/my_first_package/share/ament_index/resource_index/packages
[0.615s] copying package.xml -> /home/hun/ros2_study/install/my_first_package/share/my_first_package
[0.615s] running install_egg_info
[0.616s] Copying ../../build/my_first_package/my_first_package.egg-info to /home/hun/ros2_study/install/my_first_package/lib/python3.10/site-packages/my_first_package-0.0.0-py3.10.egg-info
[0.617s] running install_scripts
[0.630s] Installing my_first_node script to /home/hun/ros2_study/install/my_first_package/lib/my_first_package
[0.630s] writing list of installed files to '/home/hun/ros2_study/build/my_first_package/install.log'
[0.650s] Invoked command in '/home/hun/ros2_study/src/my_first_package' returned '0': PYTHONPATH=/home/hun/ros2_study/build/my_first_package/prefix_override:/usr/lib/python3/dist-packages/colcon_core/task/python/colcon_distutils_commands:/home/hun/ros2_study/install/my_first_package/lib/python3.10/site-packages:${PYTHONPATH} /usr/bin/python3 -W ignore:setup.py install is deprecated setup.py egg_info --egg-base ../../build/my_first_package build --build-base /home/hun/ros2_study/build/my_first_package/build install --record /home/hun/ros2_study/build/my_first_package/install.log --single-version-externally-managed install_data
